[PREINITIALIZATION][CLIENT][INFO] Thank you to the Patreon supporters below and others who make CraftTweaker possible!
Quaternary
DreamThorn
IDroid
Yamraiha
Robijnvogel
Belathus
Ivy_
NerdyWhiteGuy
AdaraChristine
Jimmie L Hines Jr
Genryu
Peregrinus11
JDaddy
WaterMoon
Brønsted
Pongo Sapiens
TriosGaminG Pro
Ncc1702
Psyberition
Barrier
If you want to support the mod, checkout https://patreon.com/jaredlll08?s=crtmod

[PREINITIALIZATION][CLIENT][INFO] Current loaders after merging: [[preinit]]
[PREINITIALIZATION][CLIENT][INFO] Loading scripts for loader with names [preinit]
[PREINITIALIZATION][CLIENT][INFO] [preinit | SIDE_CLIENT]: Skipping file {[0:crafttweaker]: recipes.zs} as we are currently loading with a different loader
[PREINITIALIZATION][CLIENT][INFO] Completed script loading in: 2ms
[INITIALIZATION][CLIENT][INFO] CraftTweaker: Building registry
[INITIALIZATION][CLIENT][INFO] CraftTweaker: Successfully built item registry
[INITIALIZATION][CLIENT][INFO] Current loaders after merging: [[preinit], [recipeevent | crafttweaker]]
[INITIALIZATION][CLIENT][INFO] Loading scripts for loader with names [crafttweaker | recipeevent]
[INITIALIZATION][CLIENT][INFO] [crafttweaker | SIDE_CLIENT]: Loading Script: {[0:crafttweaker]: recipes.zs}
[INITIALIZATION][CLIENT][INFO] Completed script loading in: 392ms
[POSTINITIALIZATION][CLIENT][INFO] Removing recipes for various outputs
[POSTINITIALIZATION][CLIENT][INFO] Removing Shapeless recipes for <minecraft:crafting_table>
[POSTINITIALIZATION][CLIENT][INFO] Removing 0 Shapeless recipes.
[POSTINITIALIZATION][CLIENT][INFO] Removing Shapeless recipes for <tconstruct:stone_torch>
[POSTINITIALIZATION][CLIENT][INFO] Removing 0 Shapeless recipes.
[POSTINITIALIZATION][CLIENT][INFO] Removing Shapeless recipes for <minecraft:torch>
[POSTINITIALIZATION][CLIENT][INFO] Removing 0 Shapeless recipes.
[POSTINITIALIZATION][CLIENT][INFO] Removing Shapeless recipes for <minecraft:planks:5>
[POSTINITIALIZATION][CLIENT][INFO] Removing 0 Shapeless recipes.
[POSTINITIALIZATION][CLIENT][INFO] Removing Shapeless recipes for <minecraft:planks:4>
[POSTINITIALIZATION][CLIENT][INFO] Removing 0 Shapeless recipes.
[POSTINITIALIZATION][CLIENT][INFO] Removing Shapeless recipes for <minecraft:planks:3>
[POSTINITIALIZATION][CLIENT][INFO] Removing 0 Shapeless recipes.
[POSTINITIALIZATION][CLIENT][INFO] Removing Shapeless recipes for <minecraft:planks:2>
[POSTINITIALIZATION][CLIENT][INFO] Removing 0 Shapeless recipes.
[POSTINITIALIZATION][CLIENT][INFO] Removing Shapeless recipes for <minecraft:planks:1>
[POSTINITIALIZATION][CLIENT][INFO] Removing 0 Shapeless recipes.
[POSTINITIALIZATION][CLIENT][INFO] Removing Shapeless recipes for <minecraft:planks>
[POSTINITIALIZATION][CLIENT][INFO] Removing 0 Shapeless recipes.
[POSTINITIALIZATION][CLIENT][INFO] Removing Shapeless recipes for <immcraft:saw>
[POSTINITIALIZATION][CLIENT][INFO] Removing 0 Shapeless recipes.
[POSTINITIALIZATION][CLIENT][INFO] Adding shapeless recipe for Crafting Station with name ct_shapeless933034724
[POSTINITIALIZATION][CLIENT][INFO] Adding shaped recipe for Cobblestone with name ct_shaped741068021
[POSTINITIALIZATION][CLIENT][INFO] Adding shaped recipe for Furnace with name ct_shaped895888005
[POSTINITIALIZATION][CLIENT][INFO] Adding shaped recipe for Chest with name ct_shaped898151036
[POSTINITIALIZATION][CLIENT][INFO] Adding shaped recipe for Campfire with name ct_shaped1998515553
[POSTINITIALIZATION][CLIENT][INFO] Adding shaped recipe for Campfire with name ct_shaped130954040
[POSTINITIALIZATION][CLIENT][INFO] Adding shapeless recipe for Sticks with name ct_shapeless-591934798
[POSTINITIALIZATION][CLIENT][INFO] Adding shaped recipe for Stone Torch with name ct_shaped-523376485
[POSTINITIALIZATION][CLIENT][INFO] Adding shaped recipe for Stone Torch with name ct_shaped-1134344654
[POSTINITIALIZATION][CLIENT][INFO] Adding shaped recipe for Torch with name ct_shaped274124211
[POSTINITIALIZATION][CLIENT][INFO] Adding shaped recipe for Torch with name ct_shaped1392984700
[POSTINITIALIZATION][CLIENT][INFO] Adding shapeless recipe for Dark Oak Wood Planks with name ct_shapeless-1150675685
[POSTINITIALIZATION][CLIENT][INFO] Adding shapeless recipe for Acacia Wood Planks with name ct_shapeless-1713775483
[POSTINITIALIZATION][CLIENT][INFO] Adding shapeless recipe for Jungle Wood Planks with name ct_shapeless954595847
[POSTINITIALIZATION][CLIENT][INFO] Adding shapeless recipe for Birch Wood Planks with name ct_shapeless-1017267131
[POSTINITIALIZATION][CLIENT][INFO] Adding shapeless recipe for Spruce Wood Planks with name ct_shapeless1305837187
[POSTINITIALIZATION][CLIENT][INFO] Adding shapeless recipe for Oak Wood Planks with name ct_shapeless-688323627
[POSTINITIALIZATION][CLIENT][INFO] Adding shaped recipe for Wooden Shovel with name ct_shaped-1058318076
[POSTINITIALIZATION][CLIENT][INFO] Adding shaped recipe for Wooden Dagger with name ct_shaped1644707301
[POSTINITIALIZATION][CLIENT][INFO] Adding shaped recipe for Wooden Spear with name ct_shaped-455143641
[POSTINITIALIZATION][CLIENT][INFO] Adding shaped recipe for Wooden Battle Axe with name ct_shaped-1145596910
[POSTINITIALIZATION][CLIENT][INFO] Adding shaped recipe for Wooden Hammer with name ct_shaped-1967953811
[POSTINITIALIZATION][CLIENT][INFO] Adding shaped recipe for Wooden Hammer with name ct_shaped-1967953810
[POSTINITIALIZATION][CLIENT][INFO] Adding shaped recipe for Wooden Axe with name ct_shaped38397764
[POSTINITIALIZATION][CLIENT][INFO] Adding shaped recipe for Wooden Sword with name ct_shaped-507450955
[POSTINITIALIZATION][CLIENT][INFO] Adding shaped recipe for Wooden Hoe with name ct_shaped-870337743
[POSTINITIALIZATION][CLIENT][INFO] Adding shaped recipe for Wooden Pickaxe with name ct_shaped-1221895134
[POSTINITIALIZATION][CLIENT][INFO] Adding shapeless recipe for Saw with name ct_shapeless-1782321951
[POSTINITIALIZATION][CLIENT][INFO] Adding shapeless recipe for Stick with name ct_shapeless1062872653
[AVAILABLE][CLIENT][INFO] Fixed the RecipeBook
