#
# A fatal error has been detected by the Java Runtime Environment:
#
#  SIGILL (0x4) at pc=0x00007fff22fcfd28, pid=19753, tid=0x0000000000000103
#
# JRE version: OpenJDK Runtime Environment (8.0_242-b08) (build 1.8.0_242-b08)
# Java VM: OpenJDK 64-Bit Server VM (25.242-b08 mixed mode bsd-amd64 compressed oops)
# Problematic frame:
# C  [AppKit+0x3ead28]  -[NSApplication _crashOnException:]+0x15b
#
# Failed to write core dump. Core dumps have been disabled. To enable core dumping, try "ulimit -c unlimited" before starting Java again
#
# If you would like to submit a bug report, please visit:
#   http://bugreport.java.com/bugreport/crash.jsp
# The crash happened outside the Java Virtual Machine in native code.
# See problematic frame for where to report the bug.
#

---------------  T H R E A D  ---------------

Current thread (0x00007fb3f04af800):  JavaThread "AppKit Thread" daemon [_thread_in_native, id=259, stack(0x00007ffee370d000,0x00007ffee3f0d000)]

siginfo: si_signo: 4 (SIGILL), si_code: 1 (ILL_ILLOPC), si_addr: 0x00007fff22fcfd28

Registers:
RAX=0x00007fb3f2e7b200, RBX=0x00007fff201c9800, RCX=0xdbbfb557a88000ea, RDX=0xffffffffffffff01
RSP=0x00007ffee3f06930, RBP=0x00007ffee3f06960, RSI=0x0000000000000e8f, RDI=0x00007ffee3f064d0
R8 =0x0000000008000100, R9 =0x0000000000000000, R10=0x00007ffee3f06438, R11=0x00000000001393ff
R12=0x00007fb3ec80e068, R13=0x00007fb3ec6c7350, R14=0x00007fb3f3b0c360, R15=0x00007fff7b91ec35
RIP=0x00007fff22fcfd28, EFLAGS=0x0000000000010206, ERR=0x0000000000000000
  TRAPNO=0x0000000000000006

Top of Stack: (sp=0x00007ffee3f06930)
0x00007ffee3f06930:   f3b0c6f008420102 0000000000007fb3
0x00007ffee3f06940:   0000000000000000 00007fb3f3b0c4a0
0x00007ffee3f06950:   00007fb3ec6c7430 00007fb3ec6c7350
0x00007ffee3f06960:   00007ffee3f06aa0 00007fff22da7ef8
0x00007ffee3f06970:   00007fff201c9800 00007fb3ec682060
0x00007ffee3f06980:   00007ffee3f069e0 00007fff22c3f2f1
0x00007ffee3f06990:   00007fb3f5d09110 00007fb3f5d09160
0x00007ffee3f069a0:   00007ffee3f069e0 00007fff22c3f182
0x00007ffee3f069b0:   dbbfb557a88000ea 00007fb3ec682060
0x00007ffee3f069c0:   00007fb3ec682060 00007fb3f3b0bdb0
0x00007ffee3f069d0:   0000000008000000 0000000000000002
0x00007ffee3f069e0:   00007fb3f3b0be10 0000000000000002
0x00007ffee3f069f0:   00007fb3f3b00000 0000000000000005
0x00007ffee3f06a00:   00007fb3f3b0bde0 0000000000000005
0x00007ffee3f06a10:   0000000000000030 000000010bd13a00
0x00007ffee3f06a20:   00007ffee3f06ab0 00007fff20157723
0x00007ffee3f06a30:   0000000000000103 0000000000000000
0x00007ffee3f06a40:   00007fb3ec411970 00007fb3f3b0be10
0x00007ffee3f06a50:   00000000ecac6000 0000000000000003
0x00007ffee3f06a60:   000000020c4f4250 00007fb3f3b00000
0x00007ffee3f06a70:   dbbfb557a88000ea 00007fb3ec6c7400
0x00007ffee3f06a80:   00007fb3ec80e068 00007fb3ec6c7350
0x00007ffee3f06a90:   0000000000000002 00007fb3ec6c7350
0x00007ffee3f06aa0:   00007ffee3f06ad0 00007fff234fccc3
0x00007ffee3f06ab0:   00007fb3ec6c7400 00007fff204241f3
0x00007ffee3f06ac0:   0000000000000002 0000000000000000
0x00007ffee3f06ad0:   00007ffee3f06ae0 00007fff20423d31
0x00007ffee3f06ae0:   00007ffee3f06ba0 00007fff20423bc5
0x00007ffee3f06af0:   00007fb3ec6c7350 0000000000000020
0x00007ffee3f06b00:   00007fff800699a8 00007fff20423a58
0x00007ffee3f06b10:   00007fb3ec411a70 0000000500002d8a
0x00007ffee3f06b20:   00007ffee3f06b10 00007ffee3f06af0 

Instructions: (pc=0x00007fff22fcfd28)
0x00007fff22fcfd08:   48 89 c7 ff 15 8f 49 25 64 48 8b 35 30 e8 a3 5d
0x00007fff22fcfd18:   48 89 c7 ff 15 7f 49 25 64 48 89 05 78 cb a9 5d
0x00007fff22fcfd28:   0f 0b 48 89 c7 e8 80 47 7b 00 31 ff 31 f6 31 c0
0x00007fff22fcfd38:   e8 da 0d e2 ff e8 a0 47 7b 00 0f 0b 48 89 c3 e8 

Register to memory mapping:

RAX=0x00007fb3f2e7b200 is an unknown value
RBX=0x00007fff201c9800: objc_msgSend+0 in /usr/lib/libobjc.A.dylib at 0x00007fff201c3000
RCX=0xdbbfb557a88000ea is an unknown value
RDX=0xffffffffffffff01 is an unknown value
RSP=0x00007ffee3f06930 is pointing into the stack for thread: 0x00007fb3f04af800
RBP=0x00007ffee3f06960 is pointing into the stack for thread: 0x00007fb3f04af800
RSI=0x0000000000000e8f is an unknown value
RDI=0x00007ffee3f064d0 is pointing into the stack for thread: 0x00007fb3f04af800
R8 =0x0000000008000100 is an unknown value
R9 =0x0000000000000000 is an unknown value
R10=0x00007ffee3f06438 is pointing into the stack for thread: 0x00007fb3f04af800
R11=0x00000000001393ff is an unknown value
R12=0x00007fb3ec80e068 is an unknown value
R13=0x00007fb3ec6c7350 is an unknown value
R14=0x00007fb3f3b0c360 is an unknown value
R15=0x00007fff7b91ec35: GCC_except_table772+0x5b726325 in /usr/lib/libobjc.A.dylib at 0x00007fff201c3000


Stack: [0x00007ffee370d000,0x00007ffee3f0d000],  sp=0x00007ffee3f06930,  free space=8166k
Native frames: (J=compiled Java code, j=interpreted, Vv=VM code, C=native code)
C  [AppKit+0x3ead28]  -[NSApplication _crashOnException:]+0x15b
C  [AppKit+0x1c2ef8]  __62+[CATransaction(NSCATransaction) NS_setFlushesWithDisplayLink]_block_invoke+0x359
C  [AppKit+0x917cc3]  ___NSRunLoopObserverCreateWithHandler_block_invoke+0x29
C  [CoreFoundation+0x80d31]  __CFRUNLOOP_IS_CALLING_OUT_TO_AN_OBSERVER_CALLBACK_FUNCTION__+0x17
C  [CoreFoundation+0x80bc5]  __CFRunLoopDoObservers+0x21f
C  [CoreFoundation+0x80058]  __CFRunLoopRun+0x349
C  [CoreFoundation+0x7f64c]  CFRunLoopRunSpecific+0x233
C  [HIToolbox+0x30ab3]  RunCurrentEventLoopInMode+0x124
C  [HIToolbox+0x30815]  ReceiveNextEventCommon+0x24b
C  [HIToolbox+0x305b3]  _BlockUntilNextEventMatchingListInModeWithFilter+0x46
C  [AppKit+0x3e6f2]  _DPSNextEvent+0x360
C  [AppKit+0x3cec5]  -[NSApplication(NSEvent) _nextEventMatchingEventMask:untilDate:inMode:dequeue:]+0x554
C  [libosxapp.dylib+0x2328]  -[NSApplicationAWT nextEventMatchingMask:untilDate:inMode:dequeue:]+0x7c
C  [AppKit+0x2f239]  -[NSApplication run]+0x24a
C  [libosxapp.dylib+0x1f72]  +[NSApplicationAWT runAWTLoopWithApp:]+0x9c
C  [libawt_lwawt.dylib+0x4711f]  -[AWTStarter starter:]+0x389
C  [Foundation+0x80bc1]  __NSThreadPerformPerform+0xcc
C  [CoreFoundation+0x8197c]  __CFRUNLOOP_IS_CALLING_OUT_TO_A_SOURCE0_PERFORM_FUNCTION__+0x11
C  [CoreFoundation+0x818e4]  __CFRunLoopDoSource0+0xb4
C  [CoreFoundation+0x81664]  __CFRunLoopDoSources0+0xf2
C  [CoreFoundation+0x8008c]  __CFRunLoopRun+0x37d
C  [CoreFoundation+0x7f64c]  CFRunLoopRunSpecific+0x233
C  [java+0x646e]  CreateExecutionEnvironment+0x367
C  [java+0x203c]  JLI_Launch+0x7a0
C  [java+0x84d2]  main+0x6c
C  [java+0x1894]  start+0x34
C  0x0000000000000023


---------------  P R O C E S S  ---------------

Java Threads: ( => current thread )
  0x00007fb3ed65c000 JavaThread "AWT-Shutdown" [_thread_blocked, id=51983, stack(0x0000700002529000,0x0000700002629000)]
  0x00007fb3ed7ff000 JavaThread "Timer hack thread" daemon [_thread_blocked, id=13319, stack(0x0000700002732000,0x0000700002832000)]
  0x00007fb3ee6d7000 JavaThread "Snooper Timer" daemon [_thread_blocked, id=83019, stack(0x000070000293e000,0x0000700002a3e000)]
=>0x00007fb3f04af800 JavaThread "AppKit Thread" daemon [_thread_in_native, id=259, stack(0x00007ffee370d000,0x00007ffee3f0d000)]
  0x00007fb3ec853800 JavaThread "Service Thread" daemon [_thread_blocked, id=16643, stack(0x0000700002323000,0x0000700002423000)]
  0x00007fb3ee030800 JavaThread "C1 CompilerThread3" daemon [_thread_blocked, id=17667, stack(0x0000700002220000,0x0000700002320000)]
  0x00007fb3ee030000 JavaThread "C2 CompilerThread2" daemon [_thread_blocked, id=15875, stack(0x000070000211d000,0x000070000221d000)]
  0x00007fb3ec848800 JavaThread "C2 CompilerThread1" daemon [_thread_blocked, id=15619, stack(0x000070000201a000,0x000070000211a000)]
  0x00007fb3ec847000 JavaThread "C2 CompilerThread0" daemon [_thread_blocked, id=18179, stack(0x0000700001f17000,0x0000700002017000)]
  0x00007fb3ec846000 JavaThread "Signal Dispatcher" daemon [_thread_blocked, id=15107, stack(0x0000700001e14000,0x0000700001f14000)]
  0x00007fb3ee029800 JavaThread "Finalizer" daemon [_thread_blocked, id=20227, stack(0x0000700001c0b000,0x0000700001d0b000)]
  0x00007fb3ec810800 JavaThread "Reference Handler" daemon [_thread_blocked, id=12547, stack(0x0000700001b08000,0x0000700001c08000)]
  0x00007fb3ec80f800 JavaThread "Client thread" [_thread_in_native, id=3843, stack(0x00007000010ea000,0x00007000011ea000)]

Other Threads:
  0x00007fb3ee814000 VMThread [stack: 0x0000700001a05000,0x0000700001b05000] [id=12035]
  0x00007fb3ec832000 WatcherThread [stack: 0x0000700002426000,0x0000700002526000] [id=17155]

VM state:not at safepoint (normal execution)

VM Mutex/Monitor currently owned by a thread: None

heap address: 0x0000000540000000, size: 10240 MB, Compressed Oops mode: Zero based, Oop shift amount: 3
Narrow klass base: 0x0000000000000000, Narrow klass shift: 3
Compressed class space size: 1073741824 Address: 0x00000007c0000000

Heap:
 PSYoungGen      total 662016K, used 34449K [0x00000006eab00000, 0x0000000725100000, 0x00000007c0000000)
  eden space 604160K, 5% used [0x00000006eab00000,0x00000006ecca47c0,0x000000070f900000)
  from space 57856K, 0% used [0x000000070f900000,0x000000070f900000,0x0000000713180000)
  to   space 67072K, 0% used [0x0000000720f80000,0x0000000720f80000,0x0000000725100000)
 ParOldGen       total 290816K, used 106462K [0x0000000540000000, 0x0000000551c00000, 0x00000006eab00000)
  object space 290816K, 36% used [0x0000000540000000,0x00000005467f7870,0x0000000551c00000)
 Metaspace       used 35856K, capacity 36272K, committed 36648K, reserved 1081344K
  class space    used 4728K, capacity 4875K, committed 4912K, reserved 1048576K

Card table byte_map: [0x0000000110ece000,0x00000001122cf000] byte_map_base: 0x000000010e4ce000

Marking Bits: (ParMarkBitMap*) 0x000000011089f5b0
 Begin Bits: [0x0000000127972000, 0x0000000131972000)
 End Bits:   [0x0000000131972000, 0x000000013b972000)

Polling page: 0x000000010bd66000

CodeCache: size=245760Kb used=14669Kb max_used=14871Kb free=231090Kb
 bounds [0x0000000118972000, 0x0000000119842000, 0x0000000127972000]
 total_blobs=4631 nmethods=4086 adapters=459
 compilation: enabled

Compilation events (10 events):
Event: 23.632 Thread 0x00007fb3ee030800 4993       3       sun.reflect.UnsafeStaticFieldAccessorImpl::<init> (17 bytes)
Event: 23.633 Thread 0x00007fb3ee030800 nmethod 4993 0x0000000118cd2d50 code [0x0000000118cd2ec0, 0x0000000118cd3138]
Event: 23.633 Thread 0x00007fb3ee030800 4996       3       sun.reflect.UnsafeQualifiedStaticFieldAccessorImpl::<init> (11 bytes)
Event: 23.633 Thread 0x00007fb3ee030800 nmethod 4996 0x0000000118aa1990 code [0x0000000118aa1b20, 0x0000000118aa1e18]
Event: 23.634 Thread 0x00007fb3ee030800 4997       3       sun.reflect.UnsafeQualifiedStaticIntegerFieldAccessorImpl::<init> (7 bytes)
Event: 23.634 Thread 0x00007fb3ee030800 nmethod 4997 0x0000000118cfddd0 code [0x0000000118cfdf60, 0x0000000118cfe2b8]
Event: 23.635 Thread 0x00007fb3ee030800 4998       3       java.lang.reflect.Modifier::isVolatile (13 bytes)
Event: 23.635 Thread 0x00007fb3ee030800 nmethod 4998 0x0000000118cfda50 code [0x0000000118cfdbc0, 0x0000000118cfdd50]
Event: 23.636 Thread 0x00007fb3ee030800 4999       3       sun.reflect.FieldAccessorImpl::<init> (5 bytes)
Event: 23.636 Thread 0x00007fb3ee030800 nmethod 4999 0x0000000119460490 code [0x0000000119460600, 0x0000000119460810]

GC Heap History (10 events):
Event: 13.050 GC heap before
{Heap before GC invocations=7 (full 1):
 PSYoungGen      total 272896K, used 262144K [0x00000006eab00000, 0x0000000711500000, 0x00000007c0000000)
  eden space 262144K, 100% used [0x00000006eab00000,0x00000006fab00000,0x00000006fab00000)
  from space 10752K, 0% used [0x00000006fab00000,0x00000006fab00000,0x00000006fb580000)
  to   space 54272K, 0% used [0x000000070e000000,0x000000070e000000,0x0000000711500000)
 ParOldGen       total 196608K, used 58030K [0x0000000540000000, 0x000000054c000000, 0x00000006eab00000)
  object space 196608K, 29% used [0x0000000540000000,0x00000005438aba18,0x000000054c000000)
 Metaspace       used 23943K, capacity 24238K, committed 24752K, reserved 1071104K
  class space    used 2813K, capacity 2896K, committed 2992K, reserved 1048576K
Event: 13.077 GC heap after
Heap after GC invocations=7 (full 1):
 PSYoungGen      total 422400K, used 25460K [0x00000006eab00000, 0x000000070f900000, 0x00000007c0000000)
  eden space 396800K, 0% used [0x00000006eab00000,0x00000006eab00000,0x0000000702e80000)
  from space 25600K, 99% used [0x000000070e000000,0x000000070f8dd198,0x000000070f900000)
  to   space 51200K, 0% used [0x0000000709500000,0x0000000709500000,0x000000070c700000)
 ParOldGen       total 196608K, used 58038K [0x0000000540000000, 0x000000054c000000, 0x00000006eab00000)
  object space 196608K, 29% used [0x0000000540000000,0x00000005438ada18,0x000000054c000000)
 Metaspace       used 23943K, capacity 24238K, committed 24752K, reserved 1071104K
  class space    used 2813K, capacity 2896K, committed 2992K, reserved 1048576K
}
Event: 16.077 GC heap before
{Heap before GC invocations=8 (full 1):
 PSYoungGen      total 422400K, used 422260K [0x00000006eab00000, 0x000000070f900000, 0x00000007c0000000)
  eden space 396800K, 100% used [0x00000006eab00000,0x0000000702e80000,0x0000000702e80000)
  from space 25600K, 99% used [0x000000070e000000,0x000000070f8dd198,0x000000070f900000)
  to   space 51200K, 0% used [0x0000000709500000,0x0000000709500000,0x000000070c700000)
 ParOldGen       total 196608K, used 58038K [0x0000000540000000, 0x000000054c000000, 0x00000006eab00000)
  object space 196608K, 29% used [0x0000000540000000,0x00000005438ada18,0x000000054c000000)
 Metaspace       used 27501K, capacity 27880K, committed 28336K, reserved 1075200K
  class space    used 3276K, capacity 3401K, committed 3504K, reserved 1048576K
Event: 16.153 GC heap after
Heap after GC invocations=8 (full 1):
 PSYoungGen      total 552960K, used 35002K [0x00000006eab00000, 0x0000000716380000, 0x00000007c0000000)
  eden space 501760K, 0% used [0x00000006eab00000,0x00000006eab00000,0x0000000709500000)
  from space 51200K, 68% used [0x0000000709500000,0x000000070b72ea90,0x000000070c700000)
  to   space 51200K, 0% used [0x0000000713180000,0x0000000713180000,0x0000000716380000)
 ParOldGen       total 196608K, used 58046K [0x0000000540000000, 0x000000054c000000, 0x00000006eab00000)
  object space 196608K, 29% used [0x0000000540000000,0x00000005438afa18,0x000000054c000000)
 Metaspace       used 27501K, capacity 27880K, committed 28336K, reserved 1075200K
  class space    used 3276K, capacity 3401K, committed 3504K, reserved 1048576K
}
Event: 19.061 GC heap before
{Heap before GC invocations=9 (full 1):
 PSYoungGen      total 552960K, used 536762K [0x00000006eab00000, 0x0000000716380000, 0x00000007c0000000)
  eden space 501760K, 100% used [0x00000006eab00000,0x0000000709500000,0x0000000709500000)
  from space 51200K, 68% used [0x0000000709500000,0x000000070b72ea90,0x000000070c700000)
  to   space 51200K, 0% used [0x0000000713180000,0x0000000713180000,0x0000000716380000)
 ParOldGen       total 196608K, used 58046K [0x0000000540000000, 0x000000054c000000, 0x00000006eab00000)
  object space 196608K, 29% used [0x0000000540000000,0x00000005438afa18,0x000000054c000000)
 Metaspace       used 31030K, capacity 31404K, committed 31792K, reserved 1077248K
  class space    used 3983K, capacity 4105K, committed 4144K, reserved 1048576K
Event: 19.118 GC heap after
Heap after GC invocations=9 (full 1):
 PSYoungGen      total 655360K, used 50503K [0x00000006eab00000, 0x0000000720e80000, 0x00000007c0000000)
  eden space 604160K, 0% used [0x00000006eab00000,0x00000006eab00000,0x000000070f900000)
  from space 51200K, 98% used [0x0000000713180000,0x00000007162d1c68,0x0000000716380000)
  to   space 57856K, 0% used [0x000000070f900000,0x000000070f900000,0x0000000713180000)
 ParOldGen       total 196608K, used 58054K [0x0000000540000000, 0x000000054c000000, 0x00000006eab00000)
  object space 196608K, 29% used [0x0000000540000000,0x00000005438b1a18,0x000000054c000000)
 Metaspace       used 31030K, capacity 31404K, committed 31792K, reserved 1077248K
  class space    used 3983K, capacity 4105K, committed 4144K, reserved 1048576K
}
Event: 20.578 GC heap before
{Heap before GC invocations=10 (full 1):
 PSYoungGen      total 655360K, used 394167K [0x00000006eab00000, 0x0000000720e80000, 0x00000007c0000000)
  eden space 604160K, 56% used [0x00000006eab00000,0x00000006ffa9c260,0x000000070f900000)
  from space 51200K, 98% used [0x0000000713180000,0x00000007162d1c68,0x0000000716380000)
  to   space 57856K, 0% used [0x000000070f900000,0x000000070f900000,0x0000000713180000)
 ParOldGen       total 196608K, used 58054K [0x0000000540000000, 0x000000054c000000, 0x00000006eab00000)
  object space 196608K, 29% used [0x0000000540000000,0x00000005438b1a18,0x000000054c000000)
 Metaspace       used 34757K, capacity 35206K, committed 35496K, reserved 1079296K
  class space    used 4610K, capacity 4774K, committed 4784K, reserved 1048576K
Event: 20.640 GC heap after
Heap after GC invocations=10 (full 1):
 PSYoungGen      total 662016K, used 57832K [0x00000006eab00000, 0x0000000725100000, 0x00000007c0000000)
  eden space 604160K, 0% used [0x00000006eab00000,0x00000006eab00000,0x000000070f900000)
  from space 57856K, 99% used [0x000000070f900000,0x000000071317a358,0x0000000713180000)
  to   space 67072K, 0% used [0x0000000720f80000,0x0000000720f80000,0x0000000725100000)
 ParOldGen       total 196608K, used 62954K [0x0000000540000000, 0x000000054c000000, 0x00000006eab00000)
  object space 196608K, 32% used [0x0000000540000000,0x0000000543d7a800,0x000000054c000000)
 Metaspace       used 34757K, capacity 35206K, committed 35496K, reserved 1079296K
  class space    used 4610K, capacity 4774K, committed 4784K, reserved 1048576K
}
Event: 20.640 GC heap before
{Heap before GC invocations=11 (full 2):
 PSYoungGen      total 662016K, used 57832K [0x00000006eab00000, 0x0000000725100000, 0x00000007c0000000)
  eden space 604160K, 0% used [0x00000006eab00000,0x00000006eab00000,0x000000070f900000)
  from space 57856K, 99% used [0x000000070f900000,0x000000071317a358,0x0000000713180000)
  to   space 67072K, 0% used [0x0000000720f80000,0x0000000720f80000,0x0000000725100000)
 ParOldGen       total 196608K, used 62954K [0x0000000540000000, 0x000000054c000000, 0x00000006eab00000)
  object space 196608K, 32% used [0x0000000540000000,0x0000000543d7a800,0x000000054c000000)
 Metaspace       used 34757K, capacity 35206K, committed 35496K, reserved 1079296K
  class space    used 4610K, capacity 4774K, committed 4784K, reserved 1048576K
Event: 21.018 GC heap after
Heap after GC invocations=11 (full 2):
 PSYoungGen      total 662016K, used 0K [0x00000006eab00000, 0x0000000725100000, 0x00000007c0000000)
  eden space 604160K, 0% used [0x00000006eab00000,0x00000006eab00000,0x000000070f900000)
  from space 57856K, 0% used [0x000000070f900000,0x000000070f900000,0x0000000713180000)
  to   space 67072K, 0% used [0x0000000720f80000,0x0000000720f80000,0x0000000725100000)
 ParOldGen       total 290816K, used 106462K [0x0000000540000000, 0x0000000551c00000, 0x00000006eab00000)
  object space 290816K, 36% used [0x0000000540000000,0x00000005467f7870,0x0000000551c00000)
 Metaspace       used 34757K, capacity 35206K, committed 35496K, reserved 1079296K
  class space    used 4610K, capacity 4774K, committed 4784K, reserved 1048576K
}

Deoptimization events (10 events):
Event: 20.312 Thread 0x00007fb3ec80f800 Uncommon trap: reason=bimorphic action=maybe_recompile pc=0x0000000118c60438 method=java.util.AbstractCollection.toArray()[Ljava/lang/Object; @ 1
Event: 20.312 Thread 0x00007fb3ec80f800 Uncommon trap: reason=bimorphic action=maybe_recompile pc=0x0000000118c60438 method=java.util.AbstractCollection.toArray()[Ljava/lang/Object; @ 1
Event: 20.312 Thread 0x00007fb3ec80f800 Uncommon trap: reason=bimorphic action=maybe_recompile pc=0x0000000118c60438 method=java.util.AbstractCollection.toArray()[Ljava/lang/Object; @ 1
Event: 20.312 Thread 0x00007fb3ec80f800 Uncommon trap: reason=bimorphic action=maybe_recompile pc=0x0000000118c60438 method=java.util.AbstractCollection.toArray()[Ljava/lang/Object; @ 1
Event: 20.482 Thread 0x00007fb3ec80f800 Uncommon trap: reason=unstable_if action=reinterpret pc=0x0000000118cd77d0 method=org.objectweb.asm.MethodWriter.visitLocalVariable(Ljava/lang/String;Ljava/lang/String;Ljava/lang/String;Lorg/objectweb/asm/Label;Lorg/objectweb/asm/Label;I)V @ 213
Event: 20.561 Thread 0x00007fb3f7360800 Uncommon trap: reason=null_check action=make_not_entrant pc=0x000000011921f6c8 method=sun.nio.fs.UnixPath.encode(Lsun/nio/fs/UnixFileSystem;Ljava/lang/String;)[B @ 6
Event: 20.561 Thread 0x00007fb3f7360800 Uncommon trap: reason=bimorphic action=maybe_recompile pc=0x000000011911ec8c method=java.io.FilterInputStream.read([B)I @ 5
Event: 20.562 Thread 0x00007fb3f7360800 Uncommon trap: reason=bimorphic action=maybe_recompile pc=0x000000011911ec8c method=java.io.FilterInputStream.read([B)I @ 5
Event: 20.562 Thread 0x00007fb3f7360800 Uncommon trap: reason=bimorphic action=maybe_recompile pc=0x000000011911ec8c method=java.io.FilterInputStream.read([B)I @ 5
Event: 21.072 Thread 0x00007fb3f7360800 Uncommon trap: reason=unstable_if action=reinterpret pc=0x00000001192012dc method=sun.net.www.MessageHeader.grow()V @ 4

Classes redefined (0 events):
No events

Internal exceptions (10 events):
Event: 21.099 Thread 0x00007fb3ec80f800 Exception <a 'java/lang/NullPointerException'> (0x00000006ebd7a148) thrown at [/Users/jenkins/workspace/build-scripts/jobs/jdk8u/jdk8u-mac-x64-hotspot/workspace/build/src/hotspot/src/share/vm/runtime/sharedRuntime.cpp, line 605]
Event: 21.099 Thread 0x00007fb3ec80f800 Implicit null exception at 0x0000000118fbf5b4 to 0x0000000118fc0846
Event: 21.099 Thread 0x00007fb3ec80f800 Exception <a 'java/lang/NullPointerException'> (0x00000006ebd7ffe8) thrown at [/Users/jenkins/workspace/build-scripts/jobs/jdk8u/jdk8u-mac-x64-hotspot/workspace/build/src/hotspot/src/share/vm/runtime/sharedRuntime.cpp, line 605]
Event: 21.099 Thread 0x00007fb3ec80f800 Implicit null exception at 0x0000000118fbf5b4 to 0x0000000118fc0846
Event: 21.099 Thread 0x00007fb3ec80f800 Exception <a 'java/lang/NullPointerException'> (0x00000006ebd86de8) thrown at [/Users/jenkins/workspace/build-scripts/jobs/jdk8u/jdk8u-mac-x64-hotspot/workspace/build/src/hotspot/src/share/vm/runtime/sharedRuntime.cpp, line 605]
Event: 21.100 Thread 0x00007fb3ec80f800 Implicit null exception at 0x0000000118fbf5b4 to 0x0000000118fc0846
Event: 21.100 Thread 0x00007fb3ec80f800 Exception <a 'java/lang/NullPointerException'> (0x00000006ebd91b10) thrown at [/Users/jenkins/workspace/build-scripts/jobs/jdk8u/jdk8u-mac-x64-hotspot/workspace/build/src/hotspot/src/share/vm/runtime/sharedRuntime.cpp, line 605]
Event: 21.100 Thread 0x00007fb3ec80f800 Implicit null exception at 0x0000000118fbf5b4 to 0x0000000118fc0846
Event: 21.100 Thread 0x00007fb3ec80f800 Exception <a 'java/lang/NullPointerException'> (0x00000006ebd979c8) thrown at [/Users/jenkins/workspace/build-scripts/jobs/jdk8u/jdk8u-mac-x64-hotspot/workspace/build/src/hotspot/src/share/vm/runtime/sharedRuntime.cpp, line 605]
Event: 21.127 Thread 0x00007fb3f7360800 Exception <a 'java/security/PrivilegedActionException'> (0x00000006eab158a8) thrown at [/Users/jenkins/workspace/build-scripts/jobs/jdk8u/jdk8u-mac-x64-hotspot/workspace/build/src/hotspot/src/share/vm/prims/jvm.cpp, line 1502]

Events (10 events):
Event: 23.639 loading class org/lwjgl/opengl/ContextGL
Event: 23.639 loading class org/lwjgl/opengl/ContextGL done
Event: 23.647 loading class org/lwjgl/opengl/ContextImplementation
Event: 23.647 loading class org/lwjgl/opengl/ContextImplementation done
Event: 23.648 loading class org/lwjgl/opengl/MacOSXContextImplementation
Event: 23.648 loading class org/lwjgl/opengl/MacOSXContextImplementation done
Event: 23.649 loading class org/lwjgl/opengl/GLContext
Event: 23.649 loading class org/lwjgl/opengl/GLContext done
Event: 23.651 loading class org/lwjgl/opengl/GLContext$CapabilitiesCacheEntry
Event: 23.651 loading class org/lwjgl/opengl/GLContext$CapabilitiesCacheEntry done


Dynamic libraries:
0x00007fff34e42000 	/System/Library/Frameworks/Cocoa.framework/Versions/A/Cocoa
0x00007fff221b7000 	/System/Library/Frameworks/Security.framework/Versions/A/Security
0x00007fff3304f000 	/System/Library/Frameworks/ApplicationServices.framework/Versions/A/ApplicationServices
0x00007fff2a434000 	/usr/lib/libz.1.dylib
0x00007fff2a4fc000 	/usr/lib/libSystem.B.dylib
0x00007fff201c3000 	/usr/lib/libobjc.A.dylib
0x00007fff21150000 	/System/Library/Frameworks/Foundation.framework/Versions/C/Foundation
0x00007fff203a3000 	/System/Library/Frameworks/CoreFoundation.framework/Versions/A/CoreFoundation
0x00007fff22be5000 	/System/Library/Frameworks/AppKit.framework/Versions/C/AppKit
0x00007fff25aa4000 	/System/Library/Frameworks/CoreData.framework/Versions/A/CoreData
0x00007fff2392e000 	/System/Library/PrivateFrameworks/UIFoundation.framework/Versions/A/UIFoundation
0x00007fff2fb25000 	/System/Library/PrivateFrameworks/RemoteViewServices.framework/Versions/A/RemoteViewServices
0x00007fff28940000 	/System/Library/PrivateFrameworks/XCTTargetBootstrap.framework/Versions/A/XCTTargetBootstrap
0x00007fff2b625000 	/usr/lib/libspindump.dylib
0x00007fff23b7d000 	/System/Library/Frameworks/UniformTypeIdentifiers.framework/Versions/A/UniformTypeIdentifiers
0x00007fff27140000 	/usr/lib/libapp_launch_measurement.dylib
0x00007fff27143000 	/System/Library/PrivateFrameworks/CoreAutoLayout.framework/Versions/A/CoreAutoLayout
0x00007fff282a3000 	/System/Library/Frameworks/Metal.framework/Versions/A/Metal
0x00007fff28f9d000 	/usr/lib/liblangid.dylib
0x00007fff28944000 	/System/Library/PrivateFrameworks/CoreSVG.framework/Versions/A/CoreSVG
0x00007fff24bbc000 	/System/Library/PrivateFrameworks/SkyLight.framework/Versions/A/SkyLight
0x00007fff24f21000 	/System/Library/Frameworks/CoreGraphics.framework/Versions/A/CoreGraphics
0x00007fff3004c000 	/System/Library/Frameworks/Accelerate.framework/Versions/A/Accelerate
0x00007fff2b063000 	/System/Library/PrivateFrameworks/IconServices.framework/Versions/A/IconServices
0x00007fff28287000 	/System/Library/Frameworks/IOSurface.framework/Versions/A/IOSurface
0x00007fff2642c000 	/usr/lib/libDiagnosticMessagesClient.dylib
0x00007fff2892c000 	/System/Library/PrivateFrameworks/DFRFoundation.framework/Versions/A/DFRFoundation
0x00007fff2250c000 	/usr/lib/libicucore.A.dylib
0x00007fff2cb6c000 	/System/Library/Frameworks/AudioToolbox.framework/Versions/A/AudioToolbox
0x00007fff2bdf6000 	/System/Library/PrivateFrameworks/DataDetectorsCore.framework/Versions/A/DataDetectorsCore
0x00007fff24b30000 	/usr/lib/libMobileGestalt.dylib
0x00007fff28630000 	/System/Library/Frameworks/Carbon.framework/Versions/A/Frameworks/HIToolbox.framework/Versions/A/HIToolbox
0x00007fff26b86000 	/System/Library/Frameworks/QuartzCore.framework/Versions/A/QuartzCore
0x00007fff2fb5d000 	/System/Library/Frameworks/Carbon.framework/Versions/A/Frameworks/SpeechRecognition.framework/Versions/A/SpeechRecognition
0x00007fff26ea5000 	/System/Library/PrivateFrameworks/CoreUI.framework/Versions/A/CoreUI
0x00007fff21b26000 	/System/Library/Frameworks/CoreAudio.framework/Versions/A/CoreAudio
0x00007fff26517000 	/System/Library/Frameworks/DiskArbitration.framework/Versions/A/DiskArbitration
0x00007fff2b9f3000 	/System/Library/PrivateFrameworks/MultitouchSupport.framework/Versions/A/MultitouchSupport
0x00007fff2bded000 	/System/Library/PrivateFrameworks/InternationalSupport.framework/Versions/A/InternationalSupport
0x00007fff24b2f000 	/usr/lib/libenergytrace.dylib
0x00007fff22adc000 	/System/Library/Frameworks/IOKit.framework/Versions/A/IOKit
0x00007fff2fe90000 	/System/Library/Frameworks/CoreServices.framework/Versions/A/CoreServices
0x00007fff270d2000 	/System/Library/PrivateFrameworks/PerformanceAnalysis.framework/Versions/A/PerformanceAnalysis
0x00007fff6b944000 	/System/Library/Frameworks/OpenGL.framework/Versions/A/OpenGL
0x00007fff2be71000 	/System/Library/PrivateFrameworks/UserActivity.framework/Versions/A/UserActivity
0x00007fff255ab000 	/System/Library/Frameworks/ColorSync.framework/Versions/A/ColorSync
0x00007fff28bab000 	/System/Library/Frameworks/CoreImage.framework/Versions/A/CoreImage
0x00007fff21940000 	/System/Library/Frameworks/CoreText.framework/Versions/A/CoreText
0x00007fff2896e000 	/System/Library/Frameworks/ImageIO.framework/Versions/A/ImageIO
0x00007fff2a502000 	/System/Library/PrivateFrameworks/SoftLinking.framework/Versions/A/SoftLinking
0x00007fff2718b000 	/usr/lib/libxml2.2.dylib
0x00007fff20289000 	/usr/lib/libc++.1.dylib
0x00007fff2a773000 	/usr/lib/libcompression.dylib
0x00007fff2bd1f000 	/System/Library/PrivateFrameworks/TextureIO.framework/Versions/A/TextureIO
0x00007fff2ada2000 	/usr/lib/libate.dylib
0x00007fff2a4f6000 	/usr/lib/system/libcache.dylib
0x00007fff2a4b2000 	/usr/lib/system/libcommonCrypto.dylib
0x00007fff2a4dc000 	/usr/lib/system/libcompiler_rt.dylib
0x00007fff2a4d1000 	/usr/lib/system/libcopyfile.dylib
0x00007fff200b3000 	/usr/lib/system/libcorecrypto.dylib
0x00007fff2017e000 	/usr/lib/system/libdispatch.dylib
0x00007fff20331000 	/usr/lib/system/libdyld.dylib
0x00007fff2a4ed000 	/usr/lib/system/libkeymgr.dylib
0x00007fff2d903000 	/usr/lib/system/liblaunch.dylib
0x00007fff2a490000 	/usr/lib/system/libmacho.dylib
0x00007fff29c88000 	/usr/lib/system/libquarantine.dylib
0x00007fff2a4ea000 	/usr/lib/system/libremovefile.dylib
0x00007fff24b8d000 	/usr/lib/system/libsystem_asl.dylib
0x00007fff20063000 	/usr/lib/system/libsystem_blocks.dylib
0x00007fff20200000 	/usr/lib/system/libsystem_c.dylib
0x00007fff2a4e4000 	/usr/lib/system/libsystem_collections.dylib
0x00007fff28f8e000 	/usr/lib/system/libsystem_configuration.dylib
0x00007fff28276000 	/usr/lib/system/libsystem_containermanager.dylib
0x00007fff2a233000 	/usr/lib/system/libsystem_coreservices.dylib
0x00007fff2276c000 	/usr/lib/system/libsystem_darwin.dylib
0x00007fff2a4ee000 	/usr/lib/system/libsystem_dnssd.dylib
0x00007fff201fd000 	/usr/lib/system/libsystem_featureflags.dylib
0x00007fff20377000 	/usr/lib/system/libsystem_info.dylib
0x00007fff2a447000 	/usr/lib/system/libsystem_m.dylib
0x00007fff20151000 	/usr/lib/system/libsystem_malloc.dylib
0x00007fff24b20000 	/usr/lib/system/libsystem_networkextension.dylib
0x00007fff22b8b000 	/usr/lib/system/libsystem_notify.dylib
0x00007fff2fd92000 	/usr/lib/system/libsystem_product_info_filter.dylib
0x00007fff28f92000 	/usr/lib/system/libsystem_sandbox.dylib
0x00007fff2a4e7000 	/usr/lib/system/libsystem_secinit.dylib
0x00007fff202f5000 	/usr/lib/system/libsystem_kernel.dylib
0x00007fff2036d000 	/usr/lib/system/libsystem_platform.dylib
0x00007fff20325000 	/usr/lib/system/libsystem_pthread.dylib
0x00007fff26268000 	/usr/lib/system/libsystem_symptoms.dylib
0x00007fff2009b000 	/usr/lib/system/libsystem_trace.dylib
0x00007fff2a4be000 	/usr/lib/system/libunwind.dylib
0x00007fff20065000 	/usr/lib/system/libxpc.dylib
0x00007fff202df000 	/usr/lib/libc++abi.dylib
0x00007fff2a4c9000 	/usr/lib/liboah.dylib
0x00007fff2ab87000 	/usr/lib/liblzma.5.dylib
0x00007fff20e64000 	/System/Library/Frameworks/SystemConfiguration.framework/Versions/A/SystemConfiguration
0x00007fff2a4fe000 	/usr/lib/libfakelink.dylib
0x00007fff24681000 	/System/Library/Frameworks/CFNetwork.framework/Versions/A/CFNetwork
0x00007fff2a63e000 	/usr/lib/libarchive.2.dylib
0x00007fff20ee2000 	/usr/lib/libCRFSuite.dylib
0x00007fff29caf000 	/usr/lib/libbsm.0.dylib
0x00007fff23ffa000 	/usr/lib/libnetwork.dylib
0x00007fff2a503000 	/usr/lib/libpcap.A.dylib
0x00007fff26261000 	/usr/lib/libdns_services.dylib
0x00007fff2aba0000 	/usr/lib/libcoretls_cfhelpers.dylib
0x00007fff2a73d000 	/usr/lib/libapple_nghttp2.dylib
0x00007fff2a496000 	/usr/lib/system/libkxld.dylib
0x00007fff25eda000 	/usr/lib/libsqlite3.dylib
0x00007fff2a216000 	/System/Library/PrivateFrameworks/AppleFSCompression.framework/Versions/A/AppleFSCompression
0x00007fff29c97000 	/usr/lib/libcoretls.dylib
0x00007fff2a76e000 	/usr/lib/libpam.2.dylib
0x00007fff2ac9e000 	/usr/lib/libxar.1.dylib
0x00007fff28f99000 	/System/Library/PrivateFrameworks/AppleSystemInfo.framework/Versions/A/AppleSystemInfo
0x00007fff298d9000 	/System/Library/PrivateFrameworks/IOMobileFramebuffer.framework/Versions/A/IOMobileFramebuffer
0x00007fff2a226000 	/usr/lib/libbz2.1.0.dylib
0x00007fff2a53b000 	/usr/lib/libiconv.2.dylib
0x00007fff2a48f000 	/usr/lib/libcharset.1.dylib
0x00007fff2710e000 	/System/Library/Frameworks/CoreServices.framework/Versions/A/Frameworks/FSEvents.framework/Versions/A/FSEvents
0x00007fff22776000 	/System/Library/Frameworks/CoreServices.framework/Versions/A/Frameworks/CarbonCore.framework/Versions/A/CarbonCore
0x00007fff2647c000 	/System/Library/Frameworks/CoreServices.framework/Versions/A/Frameworks/Metadata.framework/Versions/A/Metadata
0x00007fff2a238000 	/System/Library/Frameworks/CoreServices.framework/Versions/A/Frameworks/OSServices.framework/Versions/A/OSServices
0x00007fff2a6b0000 	/System/Library/Frameworks/CoreServices.framework/Versions/A/Frameworks/SearchKit.framework/Versions/A/SearchKit
0x00007fff261ec000 	/System/Library/Frameworks/CoreServices.framework/Versions/A/Frameworks/AE.framework/Versions/A/AE
0x00007fff20841000 	/System/Library/Frameworks/CoreServices.framework/Versions/A/Frameworks/LaunchServices.framework/Versions/A/LaunchServices
0x00007fff2ab37000 	/System/Library/Frameworks/CoreServices.framework/Versions/A/Frameworks/DictionaryServices.framework/Versions/A/DictionaryServices
0x00007fff2711b000 	/System/Library/Frameworks/CoreServices.framework/Versions/A/Frameworks/SharedFileList.framework/Versions/A/SharedFileList
0x00007fff29c8b000 	/usr/lib/libCheckFix.dylib
0x00007fff24ba4000 	/System/Library/PrivateFrameworks/TCC.framework/Versions/A/TCC
0x00007fff28f9f000 	/System/Library/PrivateFrameworks/CoreNLP.framework/Versions/A/CoreNLP
0x00007fff2642f000 	/System/Library/PrivateFrameworks/MetadataUtilities.framework/Versions/A/MetadataUtilities
0x00007fff20f17000 	/usr/lib/libmecabra.dylib
0x00007fff29f95000 	/System/Library/Frameworks/MLCompute.framework/Versions/A/MLCompute
0x00007fff29cc0000 	/usr/lib/libmecab.dylib
0x00007fff29d0a000 	/usr/lib/libgermantok.dylib
0x00007fff2a718000 	/usr/lib/libThaiTokenizer.dylib
0x00007fff2acd9000 	/usr/lib/libChineseTokenizer.dylib
0x00007fff2a76c000 	/System/Library/Frameworks/MetalPerformanceShaders.framework/Versions/A/MetalPerformanceShaders
0x00007fff2651e000 	/System/Library/Frameworks/Accelerate.framework/Versions/A/Frameworks/vImage.framework/Versions/A/vImage
0x00007fff2fe6a000 	/System/Library/Frameworks/Accelerate.framework/Versions/A/Frameworks/vecLib.framework/Versions/A/vecLib
0x00007fff2ace4000 	/System/Library/Frameworks/Accelerate.framework/Versions/A/Frameworks/vecLib.framework/Versions/A/libvMisc.dylib
0x00007fff296f4000 	/System/Library/Frameworks/Accelerate.framework/Versions/A/Frameworks/vecLib.framework/Versions/A/libvDSP.dylib
0x00007fff20b4a000 	/System/Library/Frameworks/Accelerate.framework/Versions/A/Frameworks/vecLib.framework/Versions/A/libBLAS.dylib
0x00007fff2a799000 	/System/Library/Frameworks/Accelerate.framework/Versions/A/Frameworks/vecLib.framework/Versions/A/libLAPACK.dylib
0x00007fff29d10000 	/System/Library/Frameworks/Accelerate.framework/Versions/A/Frameworks/vecLib.framework/Versions/A/libLinearAlgebra.dylib
0x00007fff2a755000 	/System/Library/Frameworks/Accelerate.framework/Versions/A/Frameworks/vecLib.framework/Versions/A/libSparseBLAS.dylib
0x00007fff2a793000 	/System/Library/Frameworks/Accelerate.framework/Versions/A/Frameworks/vecLib.framework/Versions/A/libQuadrature.dylib
0x00007fff2904b000 	/System/Library/Frameworks/Accelerate.framework/Versions/A/Frameworks/vecLib.framework/Versions/A/libBNNS.dylib
0x00007fff20df5000 	/System/Library/Frameworks/Accelerate.framework/Versions/A/Frameworks/vecLib.framework/Versions/A/libSparse.dylib
0x00007fff28f27000 	/System/Library/Frameworks/MetalPerformanceShaders.framework/Versions/A/Frameworks/MPSCore.framework/Versions/A/MPSCore
0x00007fff2a185000 	/System/Library/Frameworks/MetalPerformanceShaders.framework/Versions/A/Frameworks/MPSImage.framework/Versions/A/MPSImage
0x00007fff29d26000 	/System/Library/Frameworks/MetalPerformanceShaders.framework/Versions/A/Frameworks/MPSNeuralNetwork.framework/Versions/A/MPSNeuralNetwork
0x00007fff2a0f7000 	/System/Library/Frameworks/MetalPerformanceShaders.framework/Versions/A/Frameworks/MPSMatrix.framework/Versions/A/MPSMatrix
0x00007fff29f45000 	/System/Library/Frameworks/MetalPerformanceShaders.framework/Versions/A/Frameworks/MPSRayIntersector.framework/Versions/A/MPSRayIntersector
0x00007fff2a12e000 	/System/Library/Frameworks/MetalPerformanceShaders.framework/Versions/A/Frameworks/MPSNDArray.framework/Versions/A/MPSNDArray
0x00007fff20a76000 	/System/Library/PrivateFrameworks/MetalTools.framework/Versions/A/MetalTools
0x00007fff28f97000 	/System/Library/PrivateFrameworks/AggregateDictionary.framework/Versions/A/AggregateDictionary
0x00007fff263fc000 	/System/Library/PrivateFrameworks/CoreAnalytics.framework/Versions/A/CoreAnalytics
0x00007fff2a71a000 	/System/Library/PrivateFrameworks/AppleSauce.framework/Versions/A/AppleSauce
0x00007fff28299000 	/System/Library/PrivateFrameworks/IOAccelerator.framework/Versions/A/IOAccelerator
0x00007fff6b938000 	/System/Library/Frameworks/OpenGL.framework/Versions/A/Libraries/libCoreFSCache.dylib
0x00007fff214af000 	/System/Library/PrivateFrameworks/LanguageModeling.framework/Versions/A/LanguageModeling
0x00007fff298c7000 	/System/Library/PrivateFrameworks/CoreEmoji.framework/Versions/A/CoreEmoji
0x00007fff29044000 	/System/Library/PrivateFrameworks/LinguisticData.framework/Versions/A/LinguisticData
0x00007fff20da7000 	/System/Library/PrivateFrameworks/Lexicon.framework/Versions/A/Lexicon
0x00007fff2a62c000 	/usr/lib/libcmph.dylib
0x00007fff270ee000 	/System/Library/Frameworks/OpenDirectory.framework/Versions/A/Frameworks/CFOpenDirectory.framework/Versions/A/CFOpenDirectory
0x00007fff270de000 	/System/Library/Frameworks/OpenDirectory.framework/Versions/A/OpenDirectory
0x00007fff2aba2000 	/System/Library/PrivateFrameworks/APFS.framework/Versions/A/APFS
0x00007fff29bed000 	/System/Library/Frameworks/SecurityFoundation.framework/Versions/A/SecurityFoundation
0x00007fff2acac000 	/usr/lib/libutil.dylib
0x00007fff22aa1000 	/System/Library/PrivateFrameworks/CoreServicesStore.framework/Versions/A/CoreServicesStore
0x00007fff29c83000 	/System/Library/Frameworks/ServiceManagement.framework/Versions/A/ServiceManagement
0x00007fff2acb0000 	/usr/lib/libxslt.1.dylib
0x00007fff29c79000 	/System/Library/PrivateFrameworks/BackgroundTaskManagement.framework/Versions/A/BackgroundTaskManagement
0x00007fff2bc69000 	/System/Library/Frameworks/ImageIO.framework/Versions/A/Resources/libRadiance.dylib
0x00007fff2bc73000 	/System/Library/Frameworks/ImageIO.framework/Versions/A/Resources/libJPEG.dylib
0x00007fff2bbbd000 	/System/Library/Frameworks/ImageIO.framework/Versions/A/Resources/libPng.dylib
0x00007fff2bbe4000 	/System/Library/Frameworks/ImageIO.framework/Versions/A/Resources/libTIFF.dylib
0x00007fff2bcc8000 	/System/Library/Frameworks/ImageIO.framework/Versions/A/Resources/libGIF.dylib
0x00007fff2b90f000 	/System/Library/Frameworks/ImageIO.framework/Versions/A/Resources/libJP2.dylib
0x00007fff2b02b000 	/usr/lib/libexpat.1.dylib
0x00007fff2b8c5000 	/System/Library/PrivateFrameworks/AppleJPEG.framework/Versions/A/AppleJPEG
0x00007fff284cf000 	/System/Library/PrivateFrameworks/FontServices.framework/libFontParser.dylib
0x00007fff261a3000 	/System/Library/PrivateFrameworks/RunningBoardServices.framework/Versions/A/RunningBoardServices
0x00007fff2b9ef000 	/System/Library/PrivateFrameworks/WatchdogClient.framework/Versions/A/WatchdogClient
0x00007fff21598000 	/System/Library/Frameworks/CoreDisplay.framework/Versions/A/CoreDisplay
0x00007fff283e4000 	/System/Library/Frameworks/CoreMedia.framework/Versions/A/CoreMedia
0x00007fff2726e000 	/System/Library/Frameworks/CoreVideo.framework/Versions/A/CoreVideo
0x00007fff2ba2a000 	/System/Library/Frameworks/VideoToolbox.framework/Versions/A/VideoToolbox
0x00007fff26123000 	/System/Library/PrivateFrameworks/BaseBoard.framework/Versions/A/BaseBoard
0x00007fff2b16f000 	/System/Library/PrivateFrameworks/PersistentConnection.framework/Versions/A/PersistentConnection
0x00007fff25ec4000 	/System/Library/PrivateFrameworks/ProtocolBuffer.framework/Versions/A/ProtocolBuffer
0x00007fff2610b000 	/System/Library/PrivateFrameworks/CommonUtilities.framework/Versions/A/CommonUtilities
0x00007fff2b888000 	/System/Library/PrivateFrameworks/Bom.framework/Versions/A/Bom
0x00007fff2bc61000 	/System/Library/PrivateFrameworks/GPUWrangler.framework/Versions/A/GPUWrangler
0x00007fff2bc44000 	/System/Library/PrivateFrameworks/IOPresentment.framework/Versions/A/IOPresentment
0x00007fff2bc6d000 	/System/Library/PrivateFrameworks/DSExternalDisplay.framework/Versions/A/DSExternalDisplay
0x00007fff2bccd000 	/System/Library/PrivateFrameworks/CMCaptureCore.framework/Versions/A/CMCaptureCore
0x00007fff2b60b000 	/System/Library/PrivateFrameworks/AppServerSupport.framework/Versions/A/AppServerSupport
0x00007fff2d6a6000 	/System/Library/PrivateFrameworks/perfdata.framework/Versions/A/perfdata
0x00007fff29bdc000 	/System/Library/PrivateFrameworks/AssertionServices.framework/Versions/A/AssertionServices
0x00007fff216cf000 	/System/Library/PrivateFrameworks/AudioToolboxCore.framework/Versions/A/AudioToolboxCore
0x00007fff283c7000 	/System/Library/PrivateFrameworks/caulk.framework/Versions/A/caulk
0x00007fff3cade000 	/System/Library/PrivateFrameworks/SystemPolicy.framework/Versions/A/SystemPolicy
0x00007fff2ae3a000 	/usr/lib/libIOReport.dylib
0x00007fff2cee2000 	/usr/lib/libSMC.dylib
0x00007fff2bb89000 	/usr/lib/libAudioToolboxUtility.dylib
0x00007fff3d438000 	/usr/lib/libmis.dylib
0x00007fff6b994000 	/System/Library/Frameworks/OpenGL.framework/Versions/A/Libraries/libGLU.dylib
0x00007fff6b957000 	/System/Library/Frameworks/OpenGL.framework/Versions/A/Libraries/libGFXShared.dylib
0x00007fff6bb65000 	/System/Library/Frameworks/OpenGL.framework/Versions/A/Libraries/libGL.dylib
0x00007fff6b960000 	/System/Library/Frameworks/OpenGL.framework/Versions/A/Libraries/libGLImage.dylib
0x00007fff6b954000 	/System/Library/Frameworks/OpenGL.framework/Versions/A/Libraries/libCVMSPluginSupport.dylib
0x00007fff6b93f000 	/System/Library/Frameworks/OpenGL.framework/Versions/A/Libraries/libCoreVMClient.dylib
0x00007fff6cfaf000 	/System/Library/Frameworks/OpenCL.framework/Versions/A/OpenCL
0x00007fff2b198000 	/System/Library/PrivateFrameworks/GraphVisualizer.framework/Versions/A/GraphVisualizer
0x00007fff2b1a7000 	/System/Library/PrivateFrameworks/FaceCore.framework/Versions/A/FaceCore
0x00007fff2b5c3000 	/System/Library/PrivateFrameworks/OTSVG.framework/Versions/A/OTSVG
0x00007fff26e63000 	/System/Library/Frameworks/ApplicationServices.framework/Versions/A/Frameworks/ATS.framework/Versions/A/Resources/libFontRegistry.dylib
0x00007fff2b612000 	/System/Library/PrivateFrameworks/FontServices.framework/libhvf.dylib
0x00007fff2afd7000 	/System/Library/PrivateFrameworks/AppleVA.framework/Versions/A/AppleVA
0x00007fff2cd2a000 	/System/Library/Frameworks/ApplicationServices.framework/Versions/A/Frameworks/ATS.framework/Versions/A/ATS
0x00007fff2d03d000 	/System/Library/Frameworks/ApplicationServices.framework/Versions/A/Frameworks/ColorSyncLegacy.framework/Versions/A/ColorSyncLegacy
0x00007fff256a2000 	/System/Library/Frameworks/ApplicationServices.framework/Versions/A/Frameworks/HIServices.framework/Versions/A/HIServices
0x00007fff2d022000 	/System/Library/Frameworks/ApplicationServices.framework/Versions/A/Frameworks/LangAnalysis.framework/Versions/A/LangAnalysis
0x00007fff2bcd7000 	/System/Library/Frameworks/ApplicationServices.framework/Versions/A/Frameworks/PrintCore.framework/Versions/A/PrintCore
0x00007fff2d045000 	/System/Library/Frameworks/ApplicationServices.framework/Versions/A/Frameworks/QD.framework/Versions/A/QD
0x00007fff2cd1a000 	/System/Library/Frameworks/ApplicationServices.framework/Versions/A/Frameworks/SpeechSynthesis.framework/Versions/A/SpeechSynthesis
0x00007fff2bc98000 	/System/Library/Frameworks/ApplicationServices.framework/Versions/A/Frameworks/ATSUI.framework/Versions/A/ATSUI
0x00007fff2cfc2000 	/usr/lib/libcups.2.dylib
0x00007fff2d032000 	/System/Library/PrivateFrameworks/NetAuth.framework/Versions/A/NetAuth
0x00007fff2d6c1000 	/System/Library/Frameworks/Kerberos.framework/Versions/A/Kerberos
0x00007fff2d6d1000 	/System/Library/Frameworks/GSS.framework/Versions/A/GSS
0x00007fff2cd97000 	/usr/lib/libresolv.9.dylib
0x00007fff2b628000 	/System/Library/PrivateFrameworks/Heimdal.framework/Versions/A/Heimdal
0x00007fff33364000 	/System/Library/Frameworks/Kerberos.framework/Versions/A/Libraries/libHeimdalProxy.dylib
0x00007fff26270000 	/System/Library/Frameworks/Network.framework/Versions/A/Network
0x00007fff2b044000 	/usr/lib/libheimdal-asn1.dylib
0x00007fff2d722000 	/System/Library/PrivateFrameworks/CommonAuth.framework/Versions/A/CommonAuth
0x00007fff272bc000 	/System/Library/PrivateFrameworks/login.framework/Versions/A/Frameworks/loginsupport.framework/Versions/A/loginsupport
0x00007fff2cca1000 	/System/Library/PrivateFrameworks/AudioSession.framework/Versions/A/AudioSession
0x00007fff2cd07000 	/usr/lib/libAudioStatistics.dylib
0x00007fff2b0d0000 	/System/Library/PrivateFrameworks/MediaExperience.framework/Versions/A/MediaExperience
0x00007fff2cb3a000 	/System/Library/PrivateFrameworks/AudioSession.framework/libSessionUtility.dylib
0x00007fff2d6b2000 	/usr/lib/libperfcheck.dylib
0x00007fff2d051000 	/System/Library/PrivateFrameworks/AudioResourceArbitration.framework/Versions/A/AudioResourceArbitration
0x00007fff2b04e000 	/System/Library/PrivateFrameworks/IconFoundation.framework/Versions/A/IconFoundation
0x00007fff2fb4d000 	/System/Library/PrivateFrameworks/SpeechRecognitionCore.framework/Versions/A/SpeechRecognitionCore
0x0000000110000000 	/Users/tristanpoland/Library/Application Support/gdlauncher_next/java/8u242-b08/lib/server/libjvm.dylib
0x00007fff77ec7000 	/usr/lib/libstdc++.6.dylib
0x000000010bd23000 	/Users/tristanpoland/Library/Application Support/gdlauncher_next/java/8u242-b08/lib/libverify.dylib
0x000000010bd30000 	/Users/tristanpoland/Library/Application Support/gdlauncher_next/java/8u242-b08/lib/libjava.dylib
0x000000010bdb0000 	/Users/tristanpoland/Library/Application Support/gdlauncher_next/java/8u242-b08/lib/libzip.dylib
0x000000010bec2000 	/Users/tristanpoland/Library/Application Support/gdlauncher_next/java/8u242-b08/lib/libnio.dylib
0x000000010bed2000 	/Users/tristanpoland/Library/Application Support/gdlauncher_next/java/8u242-b08/lib/libnet.dylib
0x000000011702f000 	/Users/tristanpoland/Library/Application Support/gdlauncher_next/java/8u242-b08/lib/libmanagement.dylib
0x0000000117923000 	/Users/tristanpoland/Library/Application Support/gdlauncher_next/java/8u242-b08/lib/libunpack.dylib
0x0000000117f3c000 	/Users/tristanpoland/Library/Application Support/gdlauncher_next/java/8u242-b08/lib/libawt.dylib
0x0000000117fe5000 	/Users/tristanpoland/Library/Application Support/gdlauncher_next/java/8u242-b08/lib/libmlib_image.dylib
0x00007fff6e8e4000 	/System/Library/Frameworks/JavaNativeFoundation.framework/Versions/A/JavaNativeFoundation
0x00007fff6e8f0000 	/System/Library/Frameworks/JavaRuntimeSupport.framework/Versions/A/JavaRuntimeSupport
0x00007fff3c828000 	/System/Library/Frameworks/Carbon.framework/Versions/A/Carbon
0x00007fff319be000 	/System/Library/PrivateFrameworks/CoreSymbolication.framework/Versions/A/CoreSymbolication
0x00007fff362df000 	/System/Library/Frameworks/Carbon.framework/Versions/A/Frameworks/CommonPanels.framework/Versions/A/CommonPanels
0x00007fff32df9000 	/System/Library/Frameworks/Carbon.framework/Versions/A/Frameworks/Help.framework/Versions/A/Help
0x00007fff362e3000 	/System/Library/Frameworks/Carbon.framework/Versions/A/Frameworks/ImageCapture.framework/Versions/A/ImageCapture
0x00007fff362b3000 	/System/Library/Frameworks/Carbon.framework/Versions/A/Frameworks/OpenScripting.framework/Versions/A/OpenScripting
0x00007fff362db000 	/System/Library/Frameworks/Carbon.framework/Versions/A/Frameworks/Ink.framework/Versions/A/Ink
0x00007fff3c824000 	/System/Library/Frameworks/Carbon.framework/Versions/A/Frameworks/Print.framework/Versions/A/Print
0x00007fff362d7000 	/System/Library/Frameworks/Carbon.framework/Versions/A/Frameworks/SecurityHI.framework/Versions/A/SecurityHI
0x00007fff31982000 	/System/Library/PrivateFrameworks/DebugSymbols.framework/Versions/A/DebugSymbols
0x00000001180b1000 	/Users/tristanpoland/Library/Application Support/gdlauncher_next/java/8u242-b08/lib/libawt_lwawt.dylib
0x000000011816b000 	/Users/tristanpoland/Library/Application Support/gdlauncher_next/java/8u242-b08/lib/libosxapp.dylib
0x00007fff3be43000 	/System/Library/Frameworks/ExceptionHandling.framework/Versions/A/ExceptionHandling
0x00007fff22a62000 	/System/Library/PrivateFrameworks/CoreServicesInternal.framework/Versions/A/CoreServicesInternal
0x00007fff30ed4000 	/System/Library/Frameworks/FileProvider.framework/Versions/A/FileProvider
0x00007fff2608e000 	/System/Library/Frameworks/Accounts.framework/Versions/A/Accounts
0x00007fff31024000 	/System/Library/PrivateFrameworks/GenerationalStorage.framework/Versions/A/GenerationalStorage
0x00007fff308f4000 	/System/Library/PrivateFrameworks/SymptomDiagnosticReporter.framework/Versions/A/SymptomDiagnosticReporter
0x00007fff23b90000 	/System/Library/PrivateFrameworks/DesktopServicesPriv.framework/Versions/A/DesktopServicesPriv
0x00007fff22b97000 	/usr/lib/libsandbox.1.dylib
0x00007fff272e7000 	/System/Library/PrivateFrameworks/UserManagement.framework/Versions/A/UserManagement
0x00007fff29bb9000 	/System/Library/PrivateFrameworks/MobileKeyBag.framework/Versions/A/MobileKeyBag
0x00007fff343e6000 	/System/Library/PrivateFrameworks/ChunkingLibrary.framework/Versions/A/ChunkingLibrary
0x00007fff2e0e5000 	/System/Library/PrivateFrameworks/Sharing.framework/Versions/A/Sharing
0x00007fff32966000 	/System/Library/PrivateFrameworks/Apple80211.framework/Versions/A/Apple80211
0x00007fff2a266000 	/System/Library/PrivateFrameworks/AuthKit.framework/Versions/A/AuthKit
0x00007fff299b7000 	/System/Library/PrivateFrameworks/CoreUtils.framework/Versions/A/CoreUtils
0x00007fff298e4000 	/System/Library/Frameworks/CoreWLAN.framework/Versions/A/CoreWLAN
0x00007fff2e231000 	/System/Library/Frameworks/IOBluetooth.framework/Versions/A/IOBluetooth
0x00007fff329ca000 	/System/Library/PrivateFrameworks/CoreWiFi.framework/Versions/A/CoreWiFi
0x00007fff2d7a8000 	/System/Library/PrivateFrameworks/CorePhoneNumbers.framework/Versions/A/CorePhoneNumbers
0x00007fff309fb000 	/System/Library/PrivateFrameworks/DiskManagement.framework/Versions/A/DiskManagement
0x00007fff30911000 	/System/Library/PrivateFrameworks/AppleIDAuthSupport.framework/Versions/A/AppleIDAuthSupport
0x00007fff2d788000 	/System/Library/PrivateFrameworks/KeychainCircle.framework/Versions/A/KeychainCircle
0x00007fff309c7000 	/System/Library/PrivateFrameworks/MediaKit.framework/Versions/A/MediaKit
0x00007fff3091e000 	/System/Library/Frameworks/DiscRecording.framework/Versions/A/DiscRecording
0x00007fff2af4b000 	/usr/lib/libCoreStorage.dylib
0x00007fff32e05000 	/usr/lib/libcsfde.dylib
0x00007fff2e36c000 	/System/Library/PrivateFrameworks/ProtectedCloudStorage.framework/Versions/A/ProtectedCloudStorage
0x00007fff32dfd000 	/System/Library/PrivateFrameworks/EFILogin.framework/Versions/A/EFILogin
0x00007fff33417000 	/System/Library/Frameworks/AudioUnit.framework/Versions/A/AudioUnit
0x00007fff3088e000 	/System/Library/Frameworks/CoreBluetooth.framework/Versions/A/CoreBluetooth
0x00007fff2af43000 	/usr/lib/libMatch.1.dylib
0x00007fff436a3000 	/System/Library/CoreServices/RawCamera.bundle/Contents/MacOS/RawCamera
0x00007fff2d733000 	/System/Library/PrivateFrameworks/MobileAsset.framework/Versions/A/MobileAsset
0x00007fff3343b000 	/System/Library/PrivateFrameworks/StreamingZip.framework/Versions/A/StreamingZip
0x00007fff2becf000 	/System/Library/Frameworks/MediaToolbox.framework/Versions/A/MediaToolbox
0x00007fff30ea6000 	/System/Library/PrivateFrameworks/CoreAVCHD.framework/Versions/A/CoreAVCHD
0x00007fff3008d000 	/System/Library/Frameworks/MediaAccessibility.framework/Versions/A/MediaAccessibility
0x00007fff30ea2000 	/System/Library/PrivateFrameworks/Mangrove.framework/Versions/A/Mangrove
0x00007fff30099000 	/System/Library/PrivateFrameworks/AlgosScoreFramework.framework/Versions/A/AlgosScoreFramework
0x00007fff31890000 	/System/Library/PrivateFrameworks/AppleVPA.framework/Versions/A/AppleVPA
0x00007fff30ae7000 	/System/Library/PrivateFrameworks/CoreAUC.framework/Versions/A/CoreAUC
0x00007fff410fa000 	/System/Library/Frameworks/Accelerate.framework/Versions/A/Frameworks/vImage.framework/Versions/A/Libraries/libCGInterfaces.dylib
0x000000013d669000 	/usr/lib/libobjc-trampolines.dylib
0x00007fff35280000 	/System/Library/PrivateFrameworks/FamilyControls.framework/Versions/A/FamilyControls
0x00007fff352a4000 	/System/Library/PrivateFrameworks/CommerceKit.framework/Versions/A/Frameworks/CommerceCore.framework/Versions/A/CommerceCore
0x00007fff300ca000 	/System/Library/PrivateFrameworks/SystemAdministration.framework/Versions/A/SystemAdministration
0x00007fff2e353000 	/System/Library/PrivateFrameworks/AppContainer.framework/Versions/A/AppContainer
0x00007fff2e368000 	/System/Library/PrivateFrameworks/SecCodeWrapper.framework/Versions/A/SecCodeWrapper
0x00007fff2ae42000 	/System/Library/PrivateFrameworks/CrashReporterSupport.framework/Versions/A/CrashReporterSupport
0x00007fff4781d000 	/System/Library/PrivateFrameworks/OSAnalytics.framework/Versions/A/OSAnalytics
0x00007fff777ad000 	/usr/lib/libRosetta.dylib
0x00007fff32d8c000 	/System/Library/PrivateFrameworks/RemoteServiceDiscovery.framework/Versions/A/RemoteServiceDiscovery
0x00007fff514bd000 	/System/Library/PrivateFrameworks/Symbolication.framework/Versions/A/Symbolication
0x00007fff3d418000 	/System/Library/PrivateFrameworks/MallocStackLogging.framework/Versions/A/MallocStackLogging
0x00007fff2b6e9000 	/System/Library/PrivateFrameworks/login.framework/Versions/A/login
0x00007fff2fb19000 	/System/Library/Frameworks/DirectoryService.framework/Versions/A/DirectoryService
0x00007fff32ca5000 	/System/Library/PrivateFrameworks/DiskImages.framework/Versions/A/DiskImages
0x00007fff32e78000 	/System/Library/PrivateFrameworks/LoginUIKit.framework/Versions/A/Frameworks/LoginUICore.framework/Versions/A/LoginUICore
0x00007fff2b884000 	/usr/lib/libodfde.dylib
0x00007fff32e11000 	/usr/lib/libcurl.4.dylib
0x00007fff32b71000 	/usr/lib/libcrypto.44.dylib
0x00007fff32c77000 	/usr/lib/libssl.46.dylib
0x00007fff32b37000 	/System/Library/Frameworks/LDAP.framework/Versions/A/LDAP
0x00007fff32b6f000 	/System/Library/PrivateFrameworks/TrustEvaluationAgent.framework/Versions/A/TrustEvaluationAgent
0x00007fff2cdb0000 	/usr/lib/libsasl2.2.dylib
0x00007fff300be000 	/System/Library/PrivateFrameworks/CoreDaemon.framework/Versions/B/CoreDaemon
0x00007fff300b9000 	/System/Library/PrivateFrameworks/AppleSRP.framework/Versions/A/AppleSRP
0x00007fff26fe6000 	/System/Library/PrivateFrameworks/ViewBridge.framework/Versions/A/ViewBridge
0x000000013de82000 	/Users/tristanpoland/Library/Application Support/gdlauncher_next/java/8u242-b08/lib/libfontmanager.dylib
0x000000013dfa1000 	/Users/tristanpoland/Library/Application Support/gdlauncher_next/java/8u242-b08/lib/libfreetype.6.dylib
0x000000013e5ec000 	/Users/tristanpoland/Library/Application Support/gdlauncher_next/instances/AdvanceCraft/natives/liblwjgl.dylib
0x000000013e65e000 	/Users/tristanpoland/Library/Application Support/gdlauncher_next/java/8u242-b08/lib/libjawt.dylib
0x00007fff6bb70000 	/System/Library/Frameworks/OpenGL.framework/Versions/A/Resources/GLEngine.bundle/GLEngine
0x00007fff6b9d1000 	/System/Library/Frameworks/OpenGL.framework/Versions/A/Libraries/libGLProgrammability.dylib
0x00007fff65aa9000 	/System/Library/Extensions/AppleIntelHD5000GraphicsGLDriver.bundle/Contents/MacOS/AppleIntelHD5000GraphicsGLDriver
0x00007fff461e7000 	/System/Library/PrivateFrameworks/GPUSupport.framework/Versions/A/Libraries/libGPUSupportMercury.dylib
0x00007fff6118f000 	/System/Library/Extensions/GeForceGLDriver.bundle/Contents/MacOS/GeForceGLDriver
0x00007fff60ac7000 	/System/Library/Extensions/GeForceGLDriver.bundle/Contents/MacOS/libclh.dylib
0x00007fff6bcee000 	/System/Library/Frameworks/OpenGL.framework/Versions/A/Resources/GLRendererFloat.bundle/GLRendererFloat

VM Arguments:
jvm_args: -Xmx10240m -Xms10240m -Dfml.ignorePatchDiscrepancies=true -Dfml.ignoreInvalidMinecraftCertificates=true -Xms256m -Djava.library.path=/Users/tristanpoland/Library/Application Support/gdlauncher_next/instances/AdvanceCraft/natives -Dminecraft.applet.TargetDirectory=/Users/tristanpoland/Library/Application Support/gdlauncher_next/instances/AdvanceCraft 
java_command: net.minecraft.launchwrapper.Launch --username TristanPoland --version 1.12.2 --gameDir /Users/tristanpoland/Library/Application Support/gdlauncher_next/instances/AdvanceCraft --assetsDir /Users/tristanpoland/Library/Application Support/gdlauncher_next/datastore/assets --assetIndex 1.12 --uuid a4686b5b2f264015887dc42382f3f73d --accessToken eyJhbGciOiJIUzI1NiJ9.eyJhZ2ciOiJBZHVsdCIsInN1YiI6IjE0YjgyMThhYzI3MTRiMmZiMTRlOWNjYTc1MDRiYTZiIiwieWdndCI6ImIxMjk0Mjc0NTI4YjQ3ZjRiYmJiZTY0OGY3MzUyNmUyIiwic3ByIjoiYTQ2ODZiNWIyZjI2NDAxNTg4N2RjNDIzODJmM2Y3M2QiLCJpc3MiOiJZZ2dkcmFzaWwtQXV0aCIsImV4cCI6MTYzNDU1ODc5NSwiaWF0IjoxNjM0Mzg1OTk1fQ.qtTcfmGhAyeCABaLx1UFduEb4v24b2xqR6XkkuL4AFk --userType mojang --tweakClass net.minecraftforge.fml.common.launcher.FMLTweaker --versionType Forge --width 854 --height 480
java_class_path (initial): /Users/tristanpoland/Library/Application Support/gdlauncher_next/datastore/libraries/net/minecraftforge/forge/1.12.2-14.23.5.2855/forge-1.12.2-14.23.5.2855.jar:/Users/tristanpoland/Library/Application Support/gdlauncher_next/datastore/libraries/org/ow2/asm/asm-debug-all/5.2/asm-debug-all-5.2.jar:/Users/tristanpoland/Library/Application Support/gdlauncher_next/datastore/libraries/net/minecraft/launchwrapper/1.12/launchwrapper-1.12.jar:/Users/tristanpoland/Library/Application Support/gdlauncher_next/datastore/libraries/org/jline/jline/3.5.1/jline-3.5.1.jar:/Users/tristanpoland/Library/Application Support/gdlauncher_next/datastore/libraries/com/typesafe/akka/akka-actor_2.11/2.3.3/akka-actor_2.11-2.3.3.jar:/Users/tristanpoland/Library/Application Support/gdlauncher_next/datastore/libraries/com/typesafe/config/1.2.1/config-1.2.1.jar:/Users/tristanpoland/Library/Application Support/gdlauncher_next/datastore/libraries/org/scala-lang/scala-actors-migration_2.11/1.1.0/scala-actors-migration_2.11-1.1.0.jar:/Users/tristanpoland/Library/Application Support/gdlauncher_next/datastore/libraries/org/scala-lang/scala-compiler/2.11.1/scala-compiler-2.11.1.jar:/Users/tristanpoland/Library/Application Support/gdlauncher_next/datastore/libraries/org/scala-lang/plugins/scala-continuations-library_2.11/1.0.2_mc/scala-continuations-library_2.11-1.0.2_mc.jar:/Users/tristanpoland/Library/Application Support/gdlauncher_next/datastore/libraries/org/scala-lang/plugins/scala-continuations-plugin_2.11.1/1.0.2_mc/scala-continuations-plugin_2.11.1-1.0.2_mc.jar:/Users/tristanpoland/Library/Application Support/gdlauncher_next/datastore/libraries/org/scala-lang/scala-library/2.11.1/scala-library-2.11.1.jar:/Users/tristanpoland/Library/Application Support/gdlauncher_next/datastore/libraries/org/scala-lang/scala-parser-combinators_2.11/1.0.1/scala-parser-combinators_2.11-1.0.1.jar:/Users/tristanpoland/Library/Application Support/gdlauncher_next/datastore/libraries/org/scala-
Launcher Type: SUN_STANDARD

Environment Variables:
PATH=/usr/bin:/bin:/usr/sbin:/sbin
SHELL=/bin/zsh
DISPLAY=/private/tmp/com.apple.launchd.fNJBpbc8c7/org.macosforge.xquartz:0

Signal Handlers:
SIGSEGV: [libjvm.dylib+0x588183], sa_mask[0]=11111111011111110111111111111111, sa_flags=SA_ONSTACK|SA_RESTART|SA_SIGINFO
SIGBUS: [libjvm.dylib+0x588183], sa_mask[0]=11111111011111110111111111111111, sa_flags=SA_RESTART|SA_SIGINFO
SIGFPE: [libjvm.dylib+0x46288c], sa_mask[0]=11111111011111110111111111111111, sa_flags=SA_RESTART|SA_SIGINFO
SIGPIPE: [libjvm.dylib+0x46288c], sa_mask[0]=11111111011111110111111111111111, sa_flags=SA_RESTART|SA_SIGINFO
SIGXFSZ: [libjvm.dylib+0x46288c], sa_mask[0]=11111111011111110111111111111111, sa_flags=SA_RESTART|SA_SIGINFO
SIGILL: [libjvm.dylib+0x46288c], sa_mask[0]=11111111011111110111111111111111, sa_flags=SA_RESTART|SA_SIGINFO
SIGUSR1: SIG_DFL, sa_mask[0]=00000000000000000000000000000000, sa_flags=SA_RESTART
SIGUSR2: [libjvm.dylib+0x4623aa], sa_mask[0]=00000000000000000000000000000000, sa_flags=SA_RESTART|SA_SIGINFO
SIGHUP: [libjvm.dylib+0x460935], sa_mask[0]=11111111011111110111111111111111, sa_flags=SA_RESTART|SA_SIGINFO
SIGINT: [libjvm.dylib+0x460935], sa_mask[0]=11111111011111110111111111111111, sa_flags=SA_RESTART|SA_SIGINFO
SIGTERM: [libjvm.dylib+0x460935], sa_mask[0]=11111111011111110111111111111111, sa_flags=SA_RESTART|SA_SIGINFO
SIGQUIT: [libjvm.dylib+0x460935], sa_mask[0]=11111111011111110111111111111111, sa_flags=SA_RESTART|SA_SIGINFO


---------------  S Y S T E M  ---------------

OS:Bsduname:Darwin 20.5.0 Darwin Kernel Version 20.5.0: Sat May  8 05:10:33 PDT 2021; root:xnu-7195.121.3~9/RELEASE_X86_64 x86_64
rlimit: STACK 8192k, CORE 0k, NPROC 2784, NOFILE 10240, AS infinity
load average:6.60 3.78 4.18

CPU:total 8 (initial active 8) (4 cores per cpu, 2 threads per core) family 6 model 70 stepping 1, cmov, cx8, fxsr, mmx, sse, sse2, sse3, ssse3, sse4.1, sse4.2, popcnt, avx, avx2, aes, clmul, erms, lzcnt, ht, tsc, tscinvbit, bmi1, bmi2

Memory: 4k page, physical 16777216k(109476k free)

/proc/meminfo:


vm_info: OpenJDK 64-Bit Server VM (25.242-b08) for bsd-amd64 JRE (1.8.0_242-b08), built on Jan 19 2020 06:43:11 by "jenkins" with gcc 4.2.1 (Based on Apple Inc. build 5658) (LLVM build 2336.11.00)

time: Sat Oct 16 09:50:14 2021
timezone: EDT
elapsed time: 23 seconds (0d 0h 0m 23s)

